2023-02-27 11:33:02 INFO  Main:36 - saved data reading
2023-02-27 11:33:02 INFO  Main:41 - application start
2023-02-27 11:33:03 INFO  Controller:74 - Main controller initializing
2023-02-27 11:33:06 INFO  NewEditController:91 - new/edit window initializing
2023-02-27 11:33:29 INFO  NewEditController:91 - new/edit window initializing
2023-02-27 11:34:25 INFO  TaskInfoController:25 - task info window initializing
2023-02-27 11:34:25 ERROR Controller:127 - error loading task-info.fxml
2023-02-27 11:34:27 INFO  TaskInfoController:25 - task info window initializing
2023-03-06 11:02:58 INFO  Main:36 - saved data reading
2023-03-06 11:02:58 INFO  Main:41 - application start
2023-03-06 11:02:58 INFO  Controller:74 - Main controller initializing
2023-03-06 11:03:22 INFO  TaskInfoController:25 - task info window initializing
2023-03-06 11:03:22 ERROR Controller:127 - error loading task-info.fxml
2023-03-06 11:03:25 INFO  TaskInfoController:25 - task info window initializing
2023-03-06 11:03:25 ERROR Controller:127 - error loading task-info.fxml
2023-03-07 11:16:53 INFO  Main:36 - saved data reading
2023-03-07 11:16:53 INFO  Main:41 - application start
2023-03-07 11:16:54 INFO  Controller:74 - Main controller initializing
2023-03-07 11:17:05 INFO  NewEditController:91 - new/edit window initializing
2023-03-07 11:17:51 INFO  NewEditController:91 - new/edit window initializing
2023-03-07 11:17:54 INFO  NewEditController:91 - new/edit window initializing
2023-03-07 11:18:44 INFO  TaskInfoController:25 - task info window initializing
2023-03-07 11:18:44 ERROR Controller:127 - error loading task-info.fxml
2023-03-07 11:18:47 INFO  TaskInfoController:25 - task info window initializing
2023-03-07 11:19:06 INFO  Main:36 - saved data reading
2023-03-07 11:19:06 INFO  Main:41 - application start
2023-03-07 11:19:06 INFO  Controller:74 - Main controller initializing
2023-03-07 11:19:10 INFO  NewEditController:91 - new/edit window initializing
2023-03-07 12:09:14 INFO  Main:36 - saved data reading
2023-03-07 12:09:14 INFO  Main:41 - application start
2023-03-07 12:09:15 INFO  Controller:74 - Main controller initializing
2023-03-07 12:29:16 INFO  NewEditController:91 - new/edit window initializing
2023-03-07 12:30:48 INFO  NewEditController:91 - new/edit window initializing
2023-03-07 12:31:01 INFO  NewEditController:91 - new/edit window initializing
2023-03-07 12:31:01 INFO  NewEditController:91 - new/edit window initializing
2023-03-13 21:14:41 INFO  Main:36 - saved data reading
2023-03-13 21:14:41 INFO  Main:41 - application start
2023-03-13 21:14:42 INFO  Controller:75 - Main controller initializing
2023-03-22 17:17:52 INFO  Main:36 - saved data reading
2023-03-22 17:17:52 INFO  Main:41 - application start
2023-03-22 17:17:52 INFO  Controller:75 - Main controller initializing
2023-03-22 17:17:58 INFO  NewEditController:90 - new/edit window initializing
2023-03-22 17:19:29 INFO  NewEditController:90 - new/edit window initializing
2023-03-22 17:31:17 INFO  Main:36 - saved data reading
2023-03-22 17:31:17 INFO  Main:41 - application start
2023-03-22 17:31:17 INFO  Controller:75 - Main controller initializing
2023-03-22 17:31:19 INFO  NewEditController:90 - new/edit window initializing
2023-03-22 17:32:17 INFO  Main:36 - saved data reading
2023-03-22 17:32:17 INFO  Main:41 - application start
2023-03-22 17:32:18 INFO  Controller:75 - Main controller initializing
2023-03-22 17:32:20 INFO  NewEditController:90 - new/edit window initializing
2023-03-22 17:33:25 INFO  NewEditController:90 - new/edit window initializing
2023-03-22 17:35:18 INFO  Main:36 - saved data reading
2023-03-22 17:35:18 INFO  Main:41 - application start
2023-03-22 17:35:19 INFO  Controller:75 - Main controller initializing
2023-03-22 17:35:21 INFO  NewEditController:90 - new/edit window initializing
2023-03-22 17:35:56 INFO  Main:36 - saved data reading
2023-03-22 17:35:56 INFO  Main:41 - application start
2023-03-22 17:35:56 INFO  Controller:75 - Main controller initializing
2023-03-22 17:35:58 INFO  NewEditController:90 - new/edit window initializing
2023-03-22 17:36:16 INFO  Main:36 - saved data reading
2023-03-22 17:36:16 INFO  Main:41 - application start
2023-03-22 17:36:16 INFO  Controller:75 - Main controller initializing
2023-03-22 17:36:18 INFO  NewEditController:90 - new/edit window initializing
2023-03-22 17:39:04 INFO  Main:36 - saved data reading
2023-03-22 17:39:04 INFO  Main:41 - application start
2023-03-22 17:39:04 INFO  Controller:75 - Main controller initializing
2023-03-22 17:39:07 INFO  NewEditController:90 - new/edit window initializing
2023-03-22 17:40:21 INFO  Main:36 - saved data reading
2023-03-22 17:40:21 INFO  Main:41 - application start
2023-03-22 17:40:21 INFO  Controller:75 - Main controller initializing
2023-03-22 17:40:28 INFO  NewEditController:90 - new/edit window initializing
2023-03-22 17:41:08 INFO  Main:36 - saved data reading
2023-03-22 17:41:08 INFO  Main:41 - application start
2023-03-22 17:41:08 INFO  Controller:75 - Main controller initializing
2023-03-22 17:41:11 INFO  NewEditController:90 - new/edit window initializing
2023-03-22 17:41:58 INFO  Main:36 - saved data reading
2023-03-22 17:41:58 INFO  Main:41 - application start
2023-03-22 17:41:58 INFO  Controller:75 - Main controller initializing
2023-03-22 17:42:00 INFO  NewEditController:90 - new/edit window initializing
2023-03-22 17:44:03 INFO  Main:36 - saved data reading
2023-03-22 17:44:03 INFO  Main:41 - application start
2023-03-22 17:44:03 INFO  Controller:75 - Main controller initializing
2023-03-22 17:44:05 INFO  NewEditController:90 - new/edit window initializing
2023-03-24 14:32:14 ERROR Task:27 - title invalid
2023-03-24 14:32:14 ERROR Task:27 - title invalid
2023-03-24 14:32:14 ERROR Task:27 - title invalid
2023-03-24 14:32:14 ERROR Task:27 - title invalid
2023-03-24 14:32:14 ERROR Task:27 - title invalid
2023-03-24 14:38:43 ERROR Task:35 - interval < than 0
2023-03-24 14:38:43 ERROR Task:35 - interval < than 0
2023-03-24 14:38:43 ERROR Task:27 - title invalid
2023-03-24 14:38:43 ERROR Task:27 - title invalid
2023-03-24 14:38:43 ERROR Task:27 - title invalid
2023-03-24 14:38:43 ERROR Task:27 - title invalid
2023-03-24 14:38:43 ERROR Task:27 - title invalid
2023-03-24 14:39:17 ERROR Task:35 - interval < than 0
2023-03-24 14:39:17 ERROR Task:35 - interval < than 0
2023-03-24 14:39:17 ERROR Task:27 - title invalid
2023-03-24 14:39:17 ERROR Task:27 - title invalid
2023-03-24 14:39:17 ERROR Task:27 - title invalid
2023-03-24 14:39:17 ERROR Task:27 - title invalid
2023-03-24 14:39:17 ERROR Task:27 - title invalid
2023-03-24 14:41:23 ERROR Task:35 - interval < than 0
2023-03-24 14:41:23 ERROR Task:35 - interval < than 0
2023-03-24 14:41:23 ERROR Task:27 - title invalid
2023-03-24 14:41:23 ERROR Task:27 - title invalid
2023-03-24 14:41:23 ERROR Task:27 - title invalid
2023-03-24 14:41:23 ERROR Task:27 - title invalid
2023-03-24 14:41:23 ERROR Task:27 - title invalid
2023-03-24 14:41:52 ERROR Task:35 - interval < than 0
2023-03-24 14:41:52 ERROR Task:35 - interval < than 0
2023-03-24 14:41:52 ERROR Task:27 - title invalid
2023-03-24 14:41:52 ERROR Task:27 - title invalid
2023-03-24 14:41:52 ERROR Task:27 - title invalid
2023-03-24 14:41:52 ERROR Task:27 - title invalid
2023-03-24 14:41:52 ERROR Task:27 - title invalid
2023-03-24 14:42:13 ERROR Task:35 - interval < than 0
2023-03-24 14:42:13 ERROR Task:35 - interval < than 0
2023-03-24 14:42:13 ERROR Task:27 - title invalid
2023-03-24 14:42:13 ERROR Task:27 - title invalid
2023-03-24 14:42:13 ERROR Task:27 - title invalid
2023-03-24 14:42:13 ERROR Task:27 - title invalid
2023-03-24 14:42:13 ERROR Task:27 - title invalid
2023-03-24 14:46:32 ERROR Task:27 - title invalid
2023-03-24 14:46:32 ERROR Task:27 - title invalid
2023-03-24 14:46:32 ERROR Task:35 - interval < than 0
2023-03-24 14:46:32 ERROR Task:35 - interval < than 0
2023-03-24 14:46:32 ERROR Task:27 - title invalid
2023-03-24 14:46:32 ERROR Task:27 - title invalid
2023-03-24 14:46:32 ERROR Task:27 - title invalid
2023-03-24 14:46:32 ERROR Task:27 - title invalid
2023-03-24 14:46:32 ERROR Task:27 - title invalid
2023-04-26 12:06:36 INFO  TasksOperations:19 - Sun Jul 10 00:00:00 EEST 2022
2023-04-26 12:06:36 INFO  TasksOperations:20 - Thu Feb 02 00:00:00 EET 2023
2023-04-26 12:07:16 INFO  TasksOperations:19 - Sun Jul 10 00:00:00 EEST 2022
2023-04-26 12:07:18 INFO  TasksOperations:20 - Thu Feb 02 00:00:00 EET 2023
2023-04-26 12:09:15 INFO  TasksOperations:19 - Sun Jul 10 00:00:00 EEST 2022
2023-04-26 12:09:15 INFO  TasksOperations:20 - Thu Feb 02 00:00:00 EET 2023
2023-04-26 12:13:45 INFO  TasksOperations:19 - Sun Jul 10 00:00:00 EEST 2022
2023-04-26 12:13:45 INFO  TasksOperations:20 - Thu Feb 02 00:00:00 EET 2023
2023-04-26 12:13:48 INFO  TasksOperations:19 - Sun Jul 10 00:00:00 EEST 2022
2023-04-26 12:13:49 INFO  TasksOperations:20 - Thu Feb 02 00:00:00 EET 2023
2023-04-26 12:18:39 INFO  TasksOperations:19 - Mon Jun 20 00:00:00 EEST 2022
2023-04-26 12:18:39 INFO  TasksOperations:20 - Thu Feb 02 00:00:00 EET 2023
2023-04-26 12:18:57 INFO  TasksOperations:19 - Sun May 15 00:00:00 EEST 2022
2023-04-26 12:18:57 INFO  TasksOperations:20 - Thu Feb 02 00:00:00 EET 2023
2023-04-26 12:20:32 INFO  TasksOperations:19 - Wed Feb 01 00:00:00 EET 2023
2023-04-26 12:20:32 INFO  TasksOperations:20 - Thu Feb 02 00:00:00 EET 2023
2023-04-26 12:26:05 INFO  TasksOperations:19 - Tue May 10 00:00:00 EEST 2022
2023-04-26 12:26:05 INFO  TasksOperations:20 - Fri Jun 10 00:00:00 EEST 2022
2023-04-26 12:26:05 INFO  TasksOperations:26 - title
2023-04-26 12:26:14 INFO  TasksOperations:19 - Wed Feb 01 00:00:00 EET 2023
2023-04-26 12:26:14 INFO  TasksOperations:20 - Thu Feb 02 00:00:00 EET 2023
2023-04-26 12:26:14 INFO  TasksOperations:19 - Wed May 10 00:00:00 EEST 2023
2023-04-26 12:26:14 INFO  TasksOperations:20 - Mon May 15 00:00:00 EEST 2023
2023-04-26 12:26:14 INFO  TasksOperations:19 - Tue May 10 00:00:00 EEST 2022
2023-04-26 12:26:14 INFO  TasksOperations:20 - Mon Jun 20 00:00:00 EEST 2022
2023-04-26 12:26:14 INFO  TasksOperations:26 - title
2023-04-26 12:26:14 INFO  TasksOperations:19 - Tue May 10 00:00:00 EEST 2022
2023-04-26 12:26:14 INFO  TasksOperations:20 - Fri Jun 10 00:00:00 EEST 2022
2023-04-26 12:26:14 INFO  TasksOperations:26 - title
2023-04-26 12:26:34 INFO  TasksOperations:19 - Wed Feb 01 00:00:00 EET 2023
2023-04-26 12:26:34 INFO  TasksOperations:20 - Thu Feb 02 00:00:00 EET 2023
2023-04-26 12:26:34 INFO  TasksOperations:19 - Wed May 10 00:00:00 EEST 2023
2023-04-26 12:26:34 INFO  TasksOperations:20 - Mon May 15 00:00:00 EEST 2023
2023-04-26 12:26:34 INFO  TasksOperations:19 - Tue May 10 00:00:00 EEST 2022
2023-04-26 12:26:34 INFO  TasksOperations:20 - Mon Jun 20 00:00:00 EEST 2022
2023-04-26 12:26:34 INFO  TasksOperations:26 - title
2023-04-26 12:26:34 INFO  TasksOperations:19 - Tue May 10 00:00:00 EEST 2022
2023-04-26 12:26:34 INFO  TasksOperations:20 - Fri Jun 10 00:00:00 EEST 2022
2023-04-26 12:26:34 INFO  TasksOperations:26 - title
2023-04-26 12:31:00 INFO  TasksOperations:19 - Wed Feb 01 00:00:00 EET 2023
2023-04-26 12:31:00 INFO  TasksOperations:20 - Thu Feb 02 00:00:00 EET 2023
2023-04-26 12:31:00 INFO  TasksOperations:19 - Wed May 10 00:00:00 EEST 2023
2023-04-26 12:31:00 INFO  TasksOperations:20 - Mon May 15 00:00:00 EEST 2023
2023-04-26 12:31:00 INFO  TasksOperations:19 - Tue May 10 00:00:00 EEST 2022
2023-04-26 12:31:00 INFO  TasksOperations:20 - Mon Jun 20 00:00:00 EEST 2022
2023-04-26 12:31:00 INFO  TasksOperations:26 - title
2023-04-26 12:31:00 INFO  TasksOperations:19 - Tue May 10 00:00:00 EEST 2022
2023-04-26 12:31:00 INFO  TasksOperations:20 - Fri Jun 10 00:00:00 EEST 2022
2023-04-26 12:31:00 INFO  TasksOperations:26 - title
