2023-03-08 17:22:23 INFO  Main:36 - saved data reading
2023-03-08 17:22:23 INFO  Main:41 - application start
2023-03-08 17:22:24 INFO  Controller:74 - Main controller initializing
2023-03-08 17:22:35 INFO  NewEditController:90 - new/edit window initializing
2023-03-08 17:23:01 ERROR TaskIO:78 - IO exception reading or writing file
2023-03-08 17:50:26 ERROR TaskIO:78 - IO exception reading or writing file
2023-03-08 17:50:36 INFO  NewEditController:90 - new/edit window initializing
2023-03-08 17:50:39 ERROR TaskIO:78 - IO exception reading or writing file
2023-03-08 17:50:45 ERROR TaskIO:78 - IO exception reading or writing file
2023-03-08 17:50:46 ERROR TaskIO:78 - IO exception reading or writing file
2023-03-08 17:50:47 ERROR TaskIO:78 - IO exception reading or writing file
2023-03-08 17:50:56 INFO  Main:36 - saved data reading
2023-03-08 17:50:56 INFO  Main:41 - application start
2023-03-08 17:50:56 INFO  Controller:74 - Main controller initializing
2023-03-08 17:51:00 INFO  NewEditController:90 - new/edit window initializing
2023-03-08 17:51:03 ERROR TaskIO:78 - IO exception reading or writing file
2023-03-08 17:51:06 ERROR TaskIO:78 - IO exception reading or writing file
2023-03-08 17:51:13 ERROR TaskIO:78 - IO exception reading or writing file
2023-03-08 17:51:16 INFO  NewEditController:90 - new/edit window initializing
2023-03-08 17:51:19 ERROR TaskIO:78 - IO exception reading or writing file
2023-03-08 17:51:40 INFO  NewEditController:90 - new/edit window initializing
2023-03-08 17:51:44 ERROR TaskIO:78 - IO exception reading or writing file
2023-03-08 17:52:16 INFO  NewEditController:90 - new/edit window initializing
2023-03-08 17:52:18 ERROR TaskIO:78 - IO exception reading or writing file
2023-03-08 17:52:19 ERROR TaskIO:78 - IO exception reading or writing file
2023-03-08 17:52:22 INFO  NewEditController:90 - new/edit window initializing
2023-03-08 17:52:24 INFO  NewEditController:90 - new/edit window initializing
2023-03-08 17:52:27 ERROR TaskIO:78 - IO exception reading or writing file
2023-03-08 17:52:39 INFO  Main:36 - saved data reading
2023-03-08 17:52:39 INFO  Main:41 - application start
2023-03-08 17:52:39 INFO  Controller:74 - Main controller initializing
2023-03-08 17:52:46 INFO  NewEditController:90 - new/edit window initializing
2023-03-08 17:53:09 ERROR TaskIO:78 - IO exception reading or writing file
2023-03-08 18:17:14 INFO  Main:36 - saved data reading
2023-03-08 18:17:14 INFO  Main:41 - application start
2023-03-08 18:17:14 INFO  Controller:74 - Main controller initializing
2023-03-08 18:17:18 INFO  NewEditController:91 - new/edit window initializing
2023-03-08 18:17:56 INFO  Main:36 - saved data reading
2023-03-08 18:17:56 INFO  Main:41 - application start
2023-03-08 18:17:56 INFO  Controller:74 - Main controller initializing
2023-03-08 18:17:58 INFO  NewEditController:91 - new/edit window initializing
2023-03-08 18:18:15 INFO  Main:36 - saved data reading
2023-03-08 18:18:15 INFO  Main:41 - application start
2023-03-08 18:18:16 INFO  Controller:74 - Main controller initializing
2023-03-08 18:18:18 INFO  NewEditController:91 - new/edit window initializing
2023-03-08 18:18:46 INFO  Main:36 - saved data reading
2023-03-08 18:18:46 INFO  Main:41 - application start
2023-03-08 18:18:47 INFO  Controller:74 - Main controller initializing
2023-03-08 18:18:49 INFO  NewEditController:91 - new/edit window initializing
2023-03-08 18:25:28 INFO  Main:36 - saved data reading
2023-03-08 18:25:28 INFO  Main:41 - application start
2023-03-08 18:25:28 INFO  Controller:74 - Main controller initializing
2023-03-08 18:25:55 INFO  Main:36 - saved data reading
2023-03-08 18:25:55 INFO  Main:41 - application start
2023-03-08 18:25:56 INFO  Controller:74 - Main controller initializing
2023-03-08 18:26:37 INFO  Main:36 - saved data reading
2023-03-08 18:26:37 INFO  Main:41 - application start
2023-03-08 18:26:37 INFO  Controller:74 - Main controller initializing
2023-03-08 18:26:39 INFO  NewEditController:91 - new/edit window initializing
2023-03-08 18:26:41 INFO  NewEditController:91 - new/edit window initializing
2023-03-08 18:26:50 INFO  Main:36 - saved data reading
2023-03-08 18:26:50 INFO  Main:41 - application start
2023-03-08 18:26:50 INFO  Controller:74 - Main controller initializing
2023-03-08 18:28:15 INFO  Main:36 - saved data reading
2023-03-08 18:28:15 INFO  Main:41 - application start
2023-03-08 18:28:15 INFO  Controller:74 - Main controller initializing
2023-03-08 18:29:54 INFO  NewEditController:91 - new/edit window initializing
2023-03-08 18:30:08 ERROR TaskIO:78 - IO exception reading or writing file
2023-03-08 18:30:14 ERROR TaskIO:78 - IO exception reading or writing file
2023-03-08 18:30:51 INFO  NewEditController:91 - new/edit window initializing
2023-03-08 18:31:19 INFO  Main:36 - saved data reading
2023-03-08 18:31:19 INFO  Main:41 - application start
2023-03-08 18:31:19 INFO  Controller:74 - Main controller initializing
2023-03-08 18:34:29 INFO  Main:36 - saved data reading
2023-03-08 18:34:29 INFO  Main:41 - application start
2023-03-08 18:34:29 INFO  Controller:75 - Main controller initializing
2023-03-08 18:34:32 INFO  NewEditController:91 - new/edit window initializing
2023-03-08 18:34:36 INFO  NewEditController:91 - new/edit window initializing
2023-03-08 18:34:42 ERROR TaskIO:78 - IO exception reading or writing file
2023-03-08 18:35:11 INFO  Main:36 - saved data reading
2023-03-08 18:35:11 INFO  Main:41 - application start
2023-03-08 18:35:11 INFO  Controller:75 - Main controller initializing
2023-03-08 18:35:13 INFO  NewEditController:91 - new/edit window initializing
2023-03-08 18:35:15 ERROR TaskIO:79 - IO exception reading or writing file
2023-03-08 18:35:29 INFO  NewEditController:91 - new/edit window initializing
2023-03-08 18:43:38 INFO  Main:36 - saved data reading
2023-03-08 18:43:38 INFO  Main:41 - application start
2023-03-08 18:43:39 INFO  Controller:75 - Main controller initializing
2023-03-08 18:43:41 ERROR TaskIO:79 - IO exception reading or writing file
2023-03-08 18:43:43 ERROR TaskIO:79 - IO exception reading or writing file
2023-03-08 18:43:47 INFO  NewEditController:91 - new/edit window initializing
2023-03-08 18:43:50 ERROR TaskIO:79 - IO exception reading or writing file
2023-03-08 18:43:51 ERROR TaskIO:79 - IO exception reading or writing file
2023-03-08 18:43:53 INFO  NewEditController:91 - new/edit window initializing
2023-03-08 18:44:22 ERROR TaskIO:79 - IO exception reading or writing file
2023-03-08 18:49:25 INFO  Main:36 - saved data reading
2023-03-08 18:49:25 INFO  Main:41 - application start
2023-03-08 18:49:25 INFO  Controller:75 - Main controller initializing
2023-03-08 18:50:47 INFO  Main:36 - saved data reading
2023-03-08 18:50:47 INFO  Main:41 - application start
2023-03-08 18:50:48 INFO  Controller:75 - Main controller initializing
2023-03-08 18:51:37 INFO  Main:36 - saved data reading
2023-03-08 18:51:37 INFO  Main:41 - application start
2023-03-08 18:51:37 INFO  Controller:75 - Main controller initializing
2023-03-08 18:52:44 INFO  Main:36 - saved data reading
2023-03-08 18:52:44 INFO  Main:41 - application start
2023-03-08 18:52:44 INFO  Controller:75 - Main controller initializing
2023-03-08 18:54:04 INFO  NewEditController:91 - new/edit window initializing
2023-03-08 18:54:15 ERROR TaskIO:79 - IO exception reading or writing file
2023-03-08 18:55:25 INFO  Main:36 - saved data reading
2023-03-08 18:55:25 INFO  Main:41 - application start
2023-03-08 18:55:26 INFO  Controller:75 - Main controller initializing
2023-03-08 18:57:35 INFO  Main:36 - saved data reading
2023-03-08 18:57:35 INFO  Main:41 - application start
2023-03-08 18:57:35 INFO  Controller:75 - Main controller initializing
2023-03-08 18:57:37 INFO  TaskInfoController:25 - task info window initializing
2023-03-08 18:57:37 ERROR Controller:132 - error loading task-info.fxml
2023-03-08 18:57:39 INFO  TaskInfoController:25 - task info window initializing
2023-03-08 18:57:39 ERROR Controller:132 - error loading task-info.fxml
2023-03-08 18:57:41 INFO  TaskInfoController:25 - task info window initializing
2023-03-08 18:57:41 ERROR Controller:132 - error loading task-info.fxml
2023-03-08 18:57:46 INFO  NewEditController:91 - new/edit window initializing
2023-03-08 18:57:53 ERROR TaskIO:79 - IO exception reading or writing file
2023-03-08 18:57:54 INFO  NewEditController:91 - new/edit window initializing
2023-03-08 18:57:56 ERROR TaskIO:79 - IO exception reading or writing file
2023-03-08 18:57:58 INFO  NewEditController:91 - new/edit window initializing
2023-03-08 18:58:00 ERROR TaskIO:79 - IO exception reading or writing file
2023-03-08 18:58:02 INFO  NewEditController:91 - new/edit window initializing
2023-03-08 18:58:04 ERROR TaskIO:79 - IO exception reading or writing file
2023-03-08 20:28:00 INFO  Main:36 - saved data reading
2023-03-08 20:28:00 INFO  Main:41 - application start
2023-03-08 20:28:00 INFO  Controller:75 - Main controller initializing
2023-03-08 20:29:46 INFO  Main:36 - saved data reading
2023-03-08 20:29:46 INFO  Main:41 - application start
2023-03-08 20:29:47 INFO  Controller:75 - Main controller initializing
2023-03-08 20:31:35 INFO  Main:36 - saved data reading
2023-03-08 20:31:35 INFO  Main:41 - application start
2023-03-08 20:31:35 INFO  Controller:75 - Main controller initializing
2023-03-08 20:32:02 INFO  NewEditController:91 - new/edit window initializing
2023-03-08 20:32:06 ERROR TaskIO:79 - IO exception reading or writing file
2023-03-08 20:32:20 INFO  NewEditController:91 - new/edit window initializing
2023-03-08 20:32:27 ERROR TaskIO:79 - IO exception reading or writing file
2023-03-08 20:32:45 INFO  NewEditController:91 - new/edit window initializing
2023-03-08 20:32:50 ERROR TaskIO:79 - IO exception reading or writing file
2023-03-08 20:32:54 INFO  NewEditController:91 - new/edit window initializing
2023-03-08 20:33:11 ERROR TaskIO:79 - IO exception reading or writing file
2023-03-08 20:33:34 INFO  Main:36 - saved data reading
2023-03-08 20:33:34 INFO  Main:41 - application start
2023-03-08 20:33:35 INFO  Controller:75 - Main controller initializing
2023-03-08 20:33:54 INFO  NewEditController:91 - new/edit window initializing
2023-03-08 20:34:03 ERROR TaskIO:79 - IO exception reading or writing file
2023-03-08 20:35:26 INFO  Main:36 - saved data reading
2023-03-08 20:35:26 INFO  Main:41 - application start
2023-03-08 20:35:26 INFO  Controller:75 - Main controller initializing
2023-03-08 20:35:45 INFO  NewEditController:91 - new/edit window initializing
2023-03-08 20:35:51 ERROR TaskIO:79 - IO exception reading or writing file
2023-03-08 20:38:07 INFO  NewEditController:91 - new/edit window initializing
2023-03-08 20:38:08 ERROR TaskIO:79 - IO exception reading or writing file
2023-03-08 20:40:38 INFO  NewEditController:91 - new/edit window initializing
2023-03-08 20:40:40 ERROR TaskIO:79 - IO exception reading or writing file
2023-03-08 20:43:08 INFO  Main:36 - saved data reading
2023-03-08 20:43:08 INFO  Main:41 - application start
2023-03-08 20:43:08 INFO  Controller:75 - Main controller initializing
2023-03-08 20:43:30 INFO  Main:36 - saved data reading
2023-03-08 20:43:30 INFO  Main:41 - application start
2023-03-08 20:43:30 INFO  Controller:75 - Main controller initializing
2023-03-08 20:43:47 INFO  Main:36 - saved data reading
2023-03-08 20:43:47 INFO  Main:41 - application start
2023-03-08 20:43:47 INFO  Controller:75 - Main controller initializing
2023-03-08 20:43:59 INFO  Main:36 - saved data reading
2023-03-08 20:43:59 INFO  Main:41 - application start
2023-03-08 20:43:59 INFO  Controller:75 - Main controller initializing
2023-03-08 20:44:04 INFO  NewEditController:91 - new/edit window initializing
2023-03-08 20:44:06 ERROR TaskIO:79 - IO exception reading or writing file
2023-03-12 18:23:59 INFO  Main:36 - saved data reading
2023-03-12 18:23:59 INFO  Main:41 - application start
2023-03-12 18:23:59 INFO  Controller:75 - Main controller initializing
2023-03-12 18:24:21 INFO  Main:36 - saved data reading
2023-03-12 18:24:21 INFO  Main:41 - application start
2023-03-12 18:24:21 INFO  Controller:75 - Main controller initializing
2023-03-12 18:33:11 INFO  Main:36 - saved data reading
2023-03-12 18:33:11 INFO  Main:41 - application start
2023-03-12 18:33:11 INFO  Controller:75 - Main controller initializing
2023-03-12 18:47:26 INFO  Main:36 - saved data reading
2023-03-12 18:47:26 INFO  Main:41 - application start
2023-03-12 18:47:26 INFO  Controller:75 - Main controller initializing
2023-03-12 18:53:08 INFO  Main:36 - saved data reading
2023-03-12 18:53:08 INFO  Main:41 - application start
2023-03-12 18:53:08 INFO  Controller:75 - Main controller initializing
2023-03-12 18:53:16 INFO  Main:36 - saved data reading
2023-03-12 18:53:16 INFO  Main:41 - application start
2023-03-12 18:53:16 INFO  Controller:75 - Main controller initializing
2023-03-12 18:53:22 INFO  NewEditController:90 - new/edit window initializing
2023-03-12 18:53:32 ERROR TaskIO:79 - IO exception reading or writing file
2023-03-12 18:53:51 INFO  TasksOperations:18 - Wed Mar 01 08:00:00 EET 2023
2023-03-12 18:53:51 INFO  TasksOperations:19 - Thu Mar 30 09:00:00 EEST 2023
2023-03-12 18:56:08 INFO  Main:36 - saved data reading
2023-03-12 18:56:08 INFO  Main:41 - application start
2023-03-12 18:56:08 INFO  Controller:75 - Main controller initializing
2023-03-12 18:56:21 INFO  TasksOperations:19 - Fri Mar 10 04:00:00 EET 2023
2023-03-12 18:56:21 INFO  TasksOperations:20 - Thu Mar 09 03:00:00 EET 2023
2023-03-13 21:12:35 INFO  Main:36 - saved data reading
2023-03-13 21:12:35 INFO  Main:41 - application start
2023-03-13 21:12:35 INFO  Controller:75 - Main controller initializing
